==30646== Memcheck, a memory error detector
==30646== Copyright (C) 2002-2011, and GNU GPL'd, by Julian Seward et al.
==30646== Using Valgrind-3.7.0 and LibVEX; rerun with -h for copyright info
==30646== Command: RunVoting.c++.app
==30646== 
Bobby

A

E

John Doe

John Doe
Jane Smith

Jane Smith
Sirhan Sirhan

Jodie Cavalieri

Clementine Dengler

Tomiko Stanton

Manda Marksberry

Cyrstal Mcdaniels

Devorah Steinman

Al Villacis

Chad Masten

Myrle Eby

a

Jane Doe

Micah Turner

Dell Cohnager

John Doe

Jane Smith

John Doe
Jane Smith
Sirhan Sirhan

Jane Smith

Jane Smith

a

b

Clementine Dengler

Franklin Pierce

Joe Bloe

Joe Bloe

Joe Bloe

Joe Bloe
==30646== 
==30646== HEAP SUMMARY:
==30646==     in use at exit: 122,880 bytes in 6 blocks
==30646==   total heap usage: 41,990 allocs, 41,984 frees, 1,560,885 bytes allocated
==30646== 
==30646== LEAK SUMMARY:
==30646==    definitely lost: 0 bytes in 0 blocks
==30646==    indirectly lost: 0 bytes in 0 blocks
==30646==      possibly lost: 0 bytes in 0 blocks
==30646==    still reachable: 122,880 bytes in 6 blocks
==30646==         suppressed: 0 bytes in 0 blocks
==30646== Rerun with --leak-check=full to see details of leaked memory
==30646== 
==30646== For counts of detected and suppressed errors, rerun with: -v
==30646== ERROR SUMMARY: 0 errors from 0 contexts (suppressed: 4 from 4)
