==24695== Memcheck, a memory error detector
==24695== Copyright (C) 2002-2011, and GNU GPL'd, by Julian Seward et al.
==24695== Using Valgrind-3.7.0 and LibVEX; rerun with -h for copyright info
==24695== Command: RunVoting.c++.app
==24695== 
Luke Skywalker

Luke Skywalker
Obi Wan Kenobi

Darth Vader

Yoda

Chewie

A
==24695== 
==24695== HEAP SUMMARY:
==24695==     in use at exit: 122,880 bytes in 6 blocks
==24695==   total heap usage: 11,219 allocs, 11,213 frees, 570,887 bytes allocated
==24695== 
==24695== LEAK SUMMARY:
==24695==    definitely lost: 0 bytes in 0 blocks
==24695==    indirectly lost: 0 bytes in 0 blocks
==24695==      possibly lost: 0 bytes in 0 blocks
==24695==    still reachable: 122,880 bytes in 6 blocks
==24695==         suppressed: 0 bytes in 0 blocks
==24695== Rerun with --leak-check=full to see details of leaked memory
==24695== 
==24695== For counts of detected and suppressed errors, rerun with: -v
==24695== ERROR SUMMARY: 0 errors from 0 contexts (suppressed: 17 from 6)
