==3529== Memcheck, a memory error detector
==3529== Copyright (C) 2002-2011, and GNU GPL'd, by Julian Seward et al.
==3529== Using Valgrind-3.7.0 and LibVEX; rerun with -h for copyright info
==3529== Command: RunVoting.c++.app
==3529== 
Santa Claus

Tricky Solo

Trickier Solo

Mia Mamma
Your Momma

Han Solo

Ima Nguyen

Lonnie Nock

Sheri Salvas

Felton Aubin
Bruce Hodak

Canidate 9

John Doe

Red
Green

Lee Soon-Kyu

Taeyang

PSY
HyunA

Jeon Ji-yoon

Fortran
.NET
==3529== 
==3529== HEAP SUMMARY:
==3529==     in use at exit: 302,668 bytes in 5,202 blocks
==3529==   total heap usage: 25,292 allocs, 20,090 frees, 1,021,773 bytes allocated
==3529== 
==3529== LEAK SUMMARY:
==3529==    definitely lost: 31,176 bytes in 2,598 blocks
==3529==    indirectly lost: 148,612 bytes in 2,598 blocks
==3529==      possibly lost: 0 bytes in 0 blocks
==3529==    still reachable: 122,880 bytes in 6 blocks
==3529==         suppressed: 0 bytes in 0 blocks
==3529== Rerun with --leak-check=full to see details of leaked memory
==3529== 
==3529== For counts of detected and suppressed errors, rerun with: -v
==3529== ERROR SUMMARY: 0 errors from 0 contexts (suppressed: 17 from 6)
