==6773== Memcheck, a memory error detector
==6773== Copyright (C) 2002-2011, and GNU GPL'd, by Julian Seward et al.
==6773== Using Valgrind-3.7.0 and LibVEX; rerun with -h for copyright info
==6773== Command: RunVoting.c++.app
==6773== 
Jake

A

E
F
G
H

I
J

The Lonliest

Gintoki 
==6773== 
==6773== HEAP SUMMARY:
==6773==     in use at exit: 122,880 bytes in 6 blocks
==6773==   total heap usage: 1,055 allocs, 1,049 frees, 148,056 bytes allocated
==6773== 
==6773== LEAK SUMMARY:
==6773==    definitely lost: 0 bytes in 0 blocks
==6773==    indirectly lost: 0 bytes in 0 blocks
==6773==      possibly lost: 0 bytes in 0 blocks
==6773==    still reachable: 122,880 bytes in 6 blocks
==6773==         suppressed: 0 bytes in 0 blocks
==6773== Rerun with --leak-check=full to see details of leaked memory
==6773== 
==6773== For counts of detected and suppressed errors, rerun with: -v
==6773== ERROR SUMMARY: 0 errors from 0 contexts (suppressed: 17 from 6)
