==20396== Memcheck, a memory error detector
==20396== Copyright (C) 2002-2011, and GNU GPL'd, by Julian Seward et al.
==20396== Using Valgrind-3.7.0 and LibVEX; rerun with -h for copyright info
==20396== Command: RunVoting.c++.app
==20396== 
Santa Claus

Tricky Solo

Trickier Solo

Mia Mamma
Your Momma

Han Solo

Ima Nguyen

Lonnie Nock

Sheri Salvas

Felton Aubin
Bruce Hodak

Canidate 9
==20396== 
==20396== HEAP SUMMARY:
==20396==     in use at exit: 122,880 bytes in 6 blocks
==20396==   total heap usage: 31,527 allocs, 31,521 frees, 1,562,676 bytes allocated
==20396== 
==20396== LEAK SUMMARY:
==20396==    definitely lost: 0 bytes in 0 blocks
==20396==    indirectly lost: 0 bytes in 0 blocks
==20396==      possibly lost: 0 bytes in 0 blocks
==20396==    still reachable: 122,880 bytes in 6 blocks
==20396==         suppressed: 0 bytes in 0 blocks
==20396== Rerun with --leak-check=full to see details of leaked memory
==20396== 
==20396== For counts of detected and suppressed errors, rerun with: -v
==20396== ERROR SUMMARY: 0 errors from 0 contexts (suppressed: 4 from 4)
