==14514== Memcheck, a memory error detector
==14514== Copyright (C) 2002-2011, and GNU GPL'd, by Julian Seward et al.
==14514== Using Valgrind-3.7.0 and LibVEX; rerun with -h for copyright info
==14514== Command: RunVoting.c++.app
==14514== 
a

a

a

a

a

a

a

a

a

a
==14514== 
==14514== HEAP SUMMARY:
==14514==     in use at exit: 122,880 bytes in 6 blocks
==14514==   total heap usage: 11,582 allocs, 11,576 frees, 1,270,772 bytes allocated
==14514== 
==14514== LEAK SUMMARY:
==14514==    definitely lost: 0 bytes in 0 blocks
==14514==    indirectly lost: 0 bytes in 0 blocks
==14514==      possibly lost: 0 bytes in 0 blocks
==14514==    still reachable: 122,880 bytes in 6 blocks
==14514==         suppressed: 0 bytes in 0 blocks
==14514== Rerun with --leak-check=full to see details of leaked memory
==14514== 
==14514== For counts of detected and suppressed errors, rerun with: -v
==14514== ERROR SUMMARY: 0 errors from 0 contexts (suppressed: 17 from 6)
