==5819== Memcheck, a memory error detector
==5819== Copyright (C) 2002-2011, and GNU GPL'd, by Julian Seward et al.
==5819== Using Valgrind-3.7.0 and LibVEX; rerun with -h for copyright info
==5819== Command: UVaVoting.c++.app
==5819== 
A A

C C

E E

B B

G G

B B

C C

N N

L L

O O
==5819== 
==5819== HEAP SUMMARY:
==5819==     in use at exit: 0 bytes in 0 blocks
==5819==   total heap usage: 232,243 allocs, 232,243 frees, 6,520,806 bytes allocated
==5819== 
==5819== All heap blocks were freed -- no leaks are possible
==5819== 
==5819== For counts of detected and suppressed errors, rerun with: -v
==5819== ERROR SUMMARY: 0 errors from 0 contexts (suppressed: 4 from 4)
