==28057== Memcheck, a memory error detector
==28057== Copyright (C) 2002-2011, and GNU GPL'd, by Julian Seward et al.
==28057== Using Valgrind-3.7.0 and LibVEX; rerun with -h for copyright info
==28057== Command: RunVoting.c++.app
==28057== 
jo

john

jason

jeremy

john

jill
jake

jope

jan

jay

jeremy
==28057== 
==28057== HEAP SUMMARY:
==28057==     in use at exit: 122,880 bytes in 6 blocks
==28057==   total heap usage: 11,026 allocs, 11,020 frees, 764,543 bytes allocated
==28057== 
==28057== LEAK SUMMARY:
==28057==    definitely lost: 0 bytes in 0 blocks
==28057==    indirectly lost: 0 bytes in 0 blocks
==28057==      possibly lost: 0 bytes in 0 blocks
==28057==    still reachable: 122,880 bytes in 6 blocks
==28057==         suppressed: 0 bytes in 0 blocks
==28057== Rerun with --leak-check=full to see details of leaked memory
==28057== 
==28057== For counts of detected and suppressed errors, rerun with: -v
==28057== ERROR SUMMARY: 0 errors from 0 contexts (suppressed: 4 from 4)
