==16216== Memcheck, a memory error detector
==16216== Copyright (C) 2002-2011, and GNU GPL'd, by Julian Seward et al.
==16216== Using Valgrind-3.7.0 and LibVEX; rerun with -h for copyright info
==16216== Command: RunVoting.c++.app
==16216== 
k

r

f

t

p

l
t

b

h

i

p

c

b

j

j

l

l

o

q

a
b
c
d

a
b
==16216== 
==16216== HEAP SUMMARY:
==16216==     in use at exit: 122,880 bytes in 6 blocks
==16216==   total heap usage: 36,500 allocs, 36,494 frees, 2,875,896 bytes allocated
==16216== 
==16216== LEAK SUMMARY:
==16216==    definitely lost: 0 bytes in 0 blocks
==16216==    indirectly lost: 0 bytes in 0 blocks
==16216==      possibly lost: 0 bytes in 0 blocks
==16216==    still reachable: 122,880 bytes in 6 blocks
==16216==         suppressed: 0 bytes in 0 blocks
==16216== Rerun with --leak-check=full to see details of leaked memory
==16216== 
==16216== For counts of detected and suppressed errors, rerun with: -v
==16216== ERROR SUMMARY: 0 errors from 0 contexts (suppressed: 4 from 4)
