==7076== Memcheck, a memory error detector
==7076== Copyright (C) 2002-2011, and GNU GPL'd, by Julian Seward et al.
==7076== Using Valgrind-3.7.0 and LibVEX; rerun with -h for copyright info
==7076== Command: ./UVaVoting.c++.app
==7076== 
Vote For Me #2

Vote For Me #9

Vote For Me #5

Vote For Me #9

Vote For Me #2

Vote For Me #3

Vote For Me #7

Vote For Me #17

Vote For Me #8

Vote For Me #15
==7076== 
==7076== HEAP SUMMARY:
==7076==     in use at exit: 122,880 bytes in 6 blocks
==7076==   total heap usage: 20,065 allocs, 20,059 frees, 1,123,360 bytes allocated
==7076== 
==7076== LEAK SUMMARY:
==7076==    definitely lost: 0 bytes in 0 blocks
==7076==    indirectly lost: 0 bytes in 0 blocks
==7076==      possibly lost: 0 bytes in 0 blocks
==7076==    still reachable: 122,880 bytes in 6 blocks
==7076==         suppressed: 0 bytes in 0 blocks
==7076== Rerun with --leak-check=full to see details of leaked memory
==7076== 
==7076== For counts of detected and suppressed errors, rerun with: -v
==7076== ERROR SUMMARY: 0 errors from 0 contexts (suppressed: 4 from 4)
