==22631== Memcheck, a memory error detector
==22631== Copyright (C) 2002-2011, and GNU GPL'd, by Julian Seward et al.
==22631== Using Valgrind-3.7.0 and LibVEX; rerun with -h for copyright info
==22631== Command: RunVoting.c++.app
==22631== 
Jan

Yuss
Yijiro
Yon
Yume

Mun
Muir

Trap

Muir
Noi

Votes_for_self_guy_1

Joe

Amaterasu

Mike Haggar

Iron Man

Chris Redfield

Mike Haggar

Hsien-Ko

Mike Haggar

Taskmaster

Hsien-Ko

Hulk

Deadpool

Super-Skrull

Dante

Chris Redfield
Chun-Li
Super-Skrull

Wolverine

Chris Redfield

Super-Skrull

Akuma

Thor
She-Hulk
Chun-Li

Mike Haggar

Storm

Jill Valentine

Amaterasu

Doctor Doom

Felicia
Trish

Taskmaster

Captain America

Thor

Doctor Doom

Phoenix

Doctor Doom

Ryu

Dormammu
Ryu

Albert Wesker

Taskmaster
Jill Valentine

Dante

Super-Skrull

Albert Wesker

Deadpool

Akuma

Storm

Tron Bonne

Spider-Man

Crimson Viper

Mike Haggar
Tron Bonne
Storm
Trish

Mike Haggar

Shuma-Gorath

Captain America
Mike Haggar

Wolverine

Mike Haggar
==22631== 
==22631== HEAP SUMMARY:
==22631==     in use at exit: 122,880 bytes in 6 blocks
==22631==   total heap usage: 5,196 allocs, 5,190 frees, 234,521 bytes allocated
==22631== 
==22631== LEAK SUMMARY:
==22631==    definitely lost: 0 bytes in 0 blocks
==22631==    indirectly lost: 0 bytes in 0 blocks
==22631==      possibly lost: 0 bytes in 0 blocks
==22631==    still reachable: 122,880 bytes in 6 blocks
==22631==         suppressed: 0 bytes in 0 blocks
==22631== Rerun with --leak-check=full to see details of leaked memory
==22631== 
==22631== For counts of detected and suppressed errors, rerun with: -v
==22631== ERROR SUMMARY: 0 errors from 0 contexts (suppressed: 17 from 6)
