==26780== Memcheck, a memory error detector
==26780== Copyright (C) 2002-2011, and GNU GPL'd, by Julian Seward et al.
==26780== Using Valgrind-3.7.0 and LibVEX; rerun with -h for copyright info
==26780== Command: ./RunVoting.c++.app
==26780== 
Lonnie Nock

Sheri Salvas

Felton Aubin
Bruce Hodak

Felton Aubin

Kandy Domenick

Bruce Hodak

Yoshiko Marone

Felton Aubin

Yoshiko Marone

Felton Aubin

Kari Greear
==26780== 
==26780== HEAP SUMMARY:
==26780==     in use at exit: 122,880 bytes in 6 blocks
==26780==   total heap usage: 29,162 allocs, 29,156 frees, 1,958,916 bytes allocated
==26780== 
==26780== LEAK SUMMARY:
==26780==    definitely lost: 0 bytes in 0 blocks
==26780==    indirectly lost: 0 bytes in 0 blocks
==26780==      possibly lost: 0 bytes in 0 blocks
==26780==    still reachable: 122,880 bytes in 6 blocks
==26780==         suppressed: 0 bytes in 0 blocks
==26780== Rerun with --leak-check=full to see details of leaked memory
==26780== 
==26780== For counts of detected and suppressed errors, rerun with: -v
==26780== ERROR SUMMARY: 0 errors from 0 contexts (suppressed: 0 from 0)
