==15625== Memcheck, a memory error detector
==15625== Copyright (C) 2002-2011, and GNU GPL'd, by Julian Seward et al.
==15625== Using Valgrind-3.7.0 and LibVEX; rerun with -h for copyright info
==15625== Command: RunVoting.c++.app
==15625== 
Cutie Mark Crusaders

Spike

Scootaloo

Twilight Sparkle

Twilight Sparkle

Twilight Sparkle

Fluttershy
Scootaloo

Applejack

Sweetie Belle

Rarity

Princess Celestia

Spike

Princess Celestia
==15625== 
==15625== HEAP SUMMARY:
==15625==     in use at exit: 122,880 bytes in 6 blocks
==15625==   total heap usage: 5,849 allocs, 5,843 frees, 1,517,630 bytes allocated
==15625== 
==15625== LEAK SUMMARY:
==15625==    definitely lost: 0 bytes in 0 blocks
==15625==    indirectly lost: 0 bytes in 0 blocks
==15625==      possibly lost: 0 bytes in 0 blocks
==15625==    still reachable: 122,880 bytes in 6 blocks
==15625==         suppressed: 0 bytes in 0 blocks
==15625== Rerun with --leak-check=full to see details of leaked memory
==15625== 
==15625== For counts of detected and suppressed errors, rerun with: -v
==15625== ERROR SUMMARY: 0 errors from 0 contexts (suppressed: 4 from 4)
