==25313== Memcheck, a memory error detector
==25313== Copyright (C) 2002-2011, and GNU GPL'd, by Julian Seward et al.
==25313== Using Valgrind-3.7.0 and LibVEX; rerun with -h for copyright info
==25313== Command: ./RunVoting.c++.app
==25313== 
Sakura

Makoto

Ibuki

Ryu

Sakura

Makoto

Cammy

Cammy

Makoto

Cody

Seth

Akuma
Cammy

El Fuerte

Balrog

C.Viper

Seth
==25313== 
==25313== HEAP SUMMARY:
==25313==     in use at exit: 122,880 bytes in 6 blocks
==25313==   total heap usage: 18,901 allocs, 18,895 frees, 613,961 bytes allocated
==25313== 
==25313== LEAK SUMMARY:
==25313==    definitely lost: 0 bytes in 0 blocks
==25313==    indirectly lost: 0 bytes in 0 blocks
==25313==      possibly lost: 0 bytes in 0 blocks
==25313==    still reachable: 122,880 bytes in 6 blocks
==25313==         suppressed: 0 bytes in 0 blocks
==25313== Rerun with --leak-check=full to see details of leaked memory
==25313== 
==25313== For counts of detected and suppressed errors, rerun with: -v
==25313== ERROR SUMMARY: 0 errors from 0 contexts (suppressed: 4 from 4)
