==10641== Memcheck, a memory error detector
==10641== Copyright (C) 2002-2011, and GNU GPL'd, by Julian Seward et al.
==10641== Using Valgrind-3.7.0 and LibVEX; rerun with -h for copyright info
==10641== Command: ./RunVoting.c++.app
==10641== 
John Doe

Red
Green

Lee Soon-Kyu

Taeyang

PSY
HyunA

Jeon Ji-yoon

Fortran
.NET
==10641== 
==10641== HEAP SUMMARY:
==10641==     in use at exit: 122,880 bytes in 6 blocks
==10641==   total heap usage: 24,445 allocs, 24,439 frees, 6,967,644 bytes allocated
==10641== 
==10641== LEAK SUMMARY:
==10641==    definitely lost: 0 bytes in 0 blocks
==10641==    indirectly lost: 0 bytes in 0 blocks
==10641==      possibly lost: 0 bytes in 0 blocks
==10641==    still reachable: 122,880 bytes in 6 blocks
==10641==         suppressed: 0 bytes in 0 blocks
==10641== Rerun with --leak-check=full to see details of leaked memory
==10641== 
==10641== For counts of detected and suppressed errors, rerun with: -v
==10641== ERROR SUMMARY: 0 errors from 0 contexts (suppressed: 2 from 2)
