==18157== Memcheck, a memory error detector
==18157== Copyright (C) 2002-2011, and GNU GPL'd, by Julian Seward et al.
==18157== Using Valgrind-3.7.0 and LibVEX; rerun with -h for copyright info
==18157== Command: RunVoting.c++.app
==18157== 
Johny

Johnny
Donnie

rick
don

a

1 2 3
==18157== 
==18157== HEAP SUMMARY:
==18157==     in use at exit: 122,880 bytes in 6 blocks
==18157==   total heap usage: 26,303 allocs, 26,297 frees, 610,492 bytes allocated
==18157== 
==18157== LEAK SUMMARY:
==18157==    definitely lost: 0 bytes in 0 blocks
==18157==    indirectly lost: 0 bytes in 0 blocks
==18157==      possibly lost: 0 bytes in 0 blocks
==18157==    still reachable: 122,880 bytes in 6 blocks
==18157==         suppressed: 0 bytes in 0 blocks
==18157== Rerun with --leak-check=full to see details of leaked memory
==18157== 
==18157== For counts of detected and suppressed errors, rerun with: -v
==18157== ERROR SUMMARY: 0 errors from 0 contexts (suppressed: 17 from 6)
