==26819== Memcheck, a memory error detector
==26819== Copyright (C) 2002-2011, and GNU GPL'd, by Julian Seward et al.
==26819== Using Valgrind-3.7.0 and LibVEX; rerun with -h for copyright info
==26819== Command: RunVoting.c++.app
==26819== 
Erik Michie

I Nguyen
==26819== 
==26819== HEAP SUMMARY:
==26819==     in use at exit: 122,880 bytes in 6 blocks
==26819==   total heap usage: 9,701 allocs, 9,695 frees, 1,302,091 bytes allocated
==26819== 
==26819== LEAK SUMMARY:
==26819==    definitely lost: 0 bytes in 0 blocks
==26819==    indirectly lost: 0 bytes in 0 blocks
==26819==      possibly lost: 0 bytes in 0 blocks
==26819==    still reachable: 122,880 bytes in 6 blocks
==26819==         suppressed: 0 bytes in 0 blocks
==26819== Rerun with --leak-check=full to see details of leaked memory
==26819== 
==26819== For counts of detected and suppressed errors, rerun with: -v
==26819== ERROR SUMMARY: 0 errors from 0 contexts (suppressed: 4 from 4)
