Franklin Pierce

Rutherford B. Hayes

Richard M. Nixon

John Tyler

Calvin Coolidge

Richard M. Nixon

Warren G. Harding

James K. Polk

Grover Cleveland

Theodore Roosevelt

William Howard Taft

Abraham Lincoln

Thomas Jefferson

James Carter

Ronald Reagan

Dwight D. Eisenhower

Ulysses S. Grant

James Carter

Gerald R. Ford

John Quincy Adams

Ronald Reagan

James Buchanan

George H. W. Bush

Herbert Hoover

James K. Polk

John Tyler

Benjamin Harrison

Dwight D. Eisenhower

Abraham Lincoln

George H. W. Bush

William Henry Harrison

Calvin Coolidge

Woodrow Wilson

Theodore Roosevelt

Zachary Taylor

George W. Bush

William McKinley

Martin Van Buren

Calvin Coolidge

Grover Cleveland

William Howard Taft

Rutherford B. Hayes

James Garfield

James K. Polk

George Washington

Chester A. Arthur

John Tyler

Grover Cleveland

Grover Cleveland

Zachary Taylor

Harry S. Truman

Ronald Reagan

William Howard Taft

John Tyler

Benjamin Harrison

James Monroe

Grover Cleveland

James Carter

Andrew Jackson

Franklin Pierce

Zachary Taylor

Woodrow Wilson

George H. W. Bush

Martin Van Buren

Franklin D. Roosevelt

William Howard Taft

Grover Cleveland

Chester A. Arthur

Ronald Reagan

Warren G. Harding

Gerald R. Ford

James Madison

William J. Clinton

James Carter

Millard Fillmore

John Tyler

Ulysses S. Grant

Gerald R. Ford

Millard Fillmore

James Monroe

Ulysses S. Grant

Chester A. Arthur

William Henry Harrison

George Washington

Abraham Lincoln

John F. Kennedy

Benjamin Harrison

Grover Cleveland

Benjamin Harrison

Martin Van Buren

Zachary Taylor

Benjamin Harrison

James Garfield

George W. Bush

Benjamin Harrison

Franklin Pierce

Andrew Johnson

Harry S. Truman

Franklin Pierce

William J. Clinton

John Tyler

Benjamin Harrison

William Howard Taft

Zachary Taylor

Martin Van Buren

John F. Kennedy

Rutherford B. Hayes

Chester A. Arthur

Herbert Hoover

William Howard Taft

James Monroe

Ulysses S. Grant

John F. Kennedy

George Washington

Ronald Reagan

Theodore Roosevelt

Lyndon B. Johnson

Thomas Jefferson

Warren G. Harding

James Buchanan

Woodrow Wilson

Gerald R. Ford

William J. Clinton

Grover Cleveland

William J. Clinton

Grover Cleveland

Theodore Roosevelt

Rutherford B. Hayes

Gerald R. Ford

Abraham Lincoln

Barack Obama

James Monroe

Ronald Reagan

James K. Polk

Abraham Lincoln

Lyndon B. Johnson

James Carter

John F. Kennedy

William J. Clinton

William Henry Harrison

Woodrow Wilson

George W. Bush

William McKinley

Ronald Reagan

Gerald R. Ford

Grover Cleveland

Theodore Roosevelt

Franklin Pierce

Andrew Johnson

Franklin D. Roosevelt

William McKinley

Abraham Lincoln

William Howard Taft

Warren G. Harding

Millard Fillmore

Grover Cleveland

Zachary Taylor

Lyndon B. Johnson

Millard Fillmore

Abraham Lincoln

Andrew Johnson

Gerald R. Ford

James Buchanan

James Garfield

John F. Kennedy

Grover Cleveland

James Monroe

Ulysses S. Grant

Theodore Roosevelt

Ronald Reagan

Richard M. Nixon

Dwight D. Eisenhower

Grover Cleveland

William Henry Harrison

Rutherford B. Hayes

Ulysses S. Grant

William Henry Harrison

Dwight D. Eisenhower

Calvin Coolidge

Andrew Jackson

Franklin D. Roosevelt

James Madison

Benjamin Harrison

William J. Clinton

Chester A. Arthur

Chester A. Arthur

John Quincy Adams

George W. Bush

John Tyler

Franklin D. Roosevelt

Lyndon B. Johnson

James Garfield

Benjamin Harrison

Andrew Jackson

George H. W. Bush

Grover Cleveland

Gerald R. Ford

George W. Bush

Richard M. Nixon
Calvin Coolidge
Martin Van Buren

George Washington

Zachary Taylor

Franklin Pierce

James Monroe

Theodore Roosevelt

Dwight D. Eisenhower

Barack Obama

Ronald Reagan

George W. Bush

Martin Van Buren

Woodrow Wilson

James Madison

Andrew Johnson

Richard M. Nixon

James Carter

James Madison

John Quincy Adams

Millard Fillmore

John F. Kennedy

Abraham Lincoln

William McKinley

Andrew Jackson

James Carter

Lyndon B. Johnson

John Tyler

Thomas Jefferson

Woodrow Wilson

Harry S. Truman

William Howard Taft

Gerald R. Ford

James Buchanan

Gerald R. Ford

George W. Bush

Rutherford B. Hayes

Thomas Jefferson

James Carter

James Madison

Abraham Lincoln

Calvin Coolidge

Lyndon B. Johnson

James Carter

Richard M. Nixon

John Adams

Zachary Taylor

Franklin D. Roosevelt

Grover Cleveland

Richard M. Nixon

James Monroe

Franklin Pierce

Richard M. Nixon

Zachary Taylor

Harry S. Truman

George H. W. Bush

George Washington

Herbert Hoover

George Washington

Ronald Reagan

Woodrow Wilson

John Tyler

James Monroe

John Quincy Adams

William Henry Harrison

Lyndon B. Johnson

William McKinley

George W. Bush

James Madison

Chester A. Arthur

Thomas Jefferson

William J. Clinton

John Tyler

Gerald R. Ford

James Monroe

Chester A. Arthur

John Tyler

Zachary Taylor

Andrew Jackson

Calvin Coolidge

Franklin D. Roosevelt

James Monroe

John Quincy Adams

Benjamin Harrison

Rutherford B. Hayes

William McKinley

James Madison

Ulysses S. Grant

Zachary Taylor

Chester A. Arthur

William McKinley

Ronald Reagan

Chester A. Arthur

Benjamin Harrison

Grover Cleveland

Richard M. Nixon

James Monroe

Herbert Hoover

Warren G. Harding

William J. Clinton

Herbert Hoover

William J. Clinton

Millard Fillmore

Martin Van Buren

Thomas Jefferson

George H. W. Bush

Millard Fillmore

Theodore Roosevelt

John Adams

Franklin D. Roosevelt

John F. Kennedy

John Adams

Rutherford B. Hayes

Thomas Jefferson

Abraham Lincoln

Millard Fillmore

Harry S. Truman

Martin Van Buren

John F. Kennedy

Andrew Jackson

Ulysses S. Grant

Harry S. Truman

James Carter

Barack Obama

Rutherford B. Hayes

Chester A. Arthur

James Monroe

Ulysses S. Grant

George H. W. Bush

Gerald R. Ford

Barack Obama

James Madison

Dwight D. Eisenhower

John Adams

Andrew Jackson

Grover Cleveland

Benjamin Harrison

George Washington

Grover Cleveland

John Tyler

Andrew Johnson

Herbert Hoover

John Tyler

James Monroe

James K. Polk

Rutherford B. Hayes

John Adams

Ulysses S. Grant

James Monroe

Millard Fillmore

Andrew Jackson

Grover Cleveland

William Howard Taft

Grover Cleveland

Franklin D. Roosevelt

Herbert Hoover

Benjamin Harrison

John Quincy Adams

James Garfield

John Quincy Adams

James Garfield

Chester A. Arthur

Andrew Jackson

Herbert Hoover

John Adams

Rutherford B. Hayes

Gerald R. Ford

George Washington

James Madison

Ronald Reagan

William McKinley

James Garfield

John Adams

George W. Bush

William J. Clinton

James Madison

James K. Polk

Rutherford B. Hayes

Martin Van Buren

Andrew Jackson

John F. Kennedy

Herbert Hoover

James Buchanan

Theodore Roosevelt

Richard M. Nixon

Zachary Taylor

Andrew Johnson

James Carter

James K. Polk

George Washington

Thomas Jefferson

John F. Kennedy

Zachary Taylor

James K. Polk

Martin Van Buren

William Howard Taft

Andrew Johnson

Grover Cleveland

Herbert Hoover

Andrew Johnson

Benjamin Harrison

Zachary Taylor

Grover Cleveland

James Monroe

Calvin Coolidge

James Carter

John Quincy Adams

James K. Polk

Abraham Lincoln

Harry S. Truman

George H. W. Bush

William Henry Harrison

Benjamin Harrison

Barack Obama

Theodore Roosevelt

James Garfield

William J. Clinton

Calvin Coolidge

Rutherford B. Hayes

William Howard Taft

John Tyler

Harry S. Truman

William Howard Taft

Franklin D. Roosevelt

Abraham Lincoln

Ulysses S. Grant

James Buchanan

Harry S. Truman

Ulysses S. Grant

Benjamin Harrison

Lyndon B. Johnson

James Madison

Barack Obama

Ulysses S. Grant

Grover Cleveland

Warren G. Harding

Ulysses S. Grant

Thomas Jefferson

James Buchanan

George Washington

Franklin Pierce

Martin Van Buren

Grover Cleveland

Chester A. Arthur

Woodrow Wilson

William Howard Taft

Richard M. Nixon

William Henry Harrison

Chester A. Arthur

Franklin Pierce

James Carter

Franklin D. Roosevelt

William Howard Taft

George Washington

Benjamin Harrison

Franklin D. Roosevelt

George Washington

James Buchanan

Warren G. Harding

William J. Clinton

Franklin Pierce

Ronald Reagan

Calvin Coolidge

Thomas Jefferson

William Henry Harrison

William Howard Taft

Millard Fillmore

Harry S. Truman

William Henry Harrison

James Monroe

George W. Bush

James K. Polk

George W. Bush

Millard Fillmore

Grover Cleveland

William Howard Taft

Theodore Roosevelt

John Quincy Adams

Calvin Coolidge

George Washington

William Howard Taft

Franklin D. Roosevelt

William Henry Harrison

William Howard Taft

Grover Cleveland

Franklin D. Roosevelt

William McKinley

Dwight D. Eisenhower

Thomas Jefferson

John F. Kennedy

James Buchanan

Abraham Lincoln

George H. W. Bush

Herbert Hoover

Harry S. Truman

William Howard Taft

Franklin Pierce

Herbert Hoover

Grover Cleveland

Martin Van Buren

James Carter

William McKinley

James K. Polk

Barack Obama

Warren G. Harding

James Garfield

Andrew Johnson

George Washington

John Quincy Adams

Millard Fillmore

Gerald R. Ford

John Adams

Richard M. Nixon

Dwight D. Eisenhower

William J. Clinton

John Adams

Franklin Pierce

Ulysses S. Grant

William Henry Harrison

Millard Fillmore

Grover Cleveland

Dwight D. Eisenhower

Ronald Reagan

John Tyler

Martin Van Buren

George Washington

Grover Cleveland

Grover Cleveland

Lyndon B. Johnson

Woodrow Wilson

Franklin D. Roosevelt

Woodrow Wilson

George H. W. Bush

John F. Kennedy

George H. W. Bush

Ronald Reagan

Grover Cleveland

James Garfield

Barack Obama

William Howard Taft

James K. Polk

John Tyler

John Tyler

James Monroe

Benjamin Harrison

Franklin D. Roosevelt

Grover Cleveland

James Buchanan

William J. Clinton

William McKinley

Abraham Lincoln

Ulysses S. Grant

James Buchanan

Theodore Roosevelt

Theodore Roosevelt

Abraham Lincoln

Richard M. Nixon

Woodrow Wilson

Andrew Jackson

George W. Bush

William McKinley

Harry S. Truman

William McKinley

John Adams

Lyndon B. Johnson

Herbert Hoover

William McKinley

Grover Cleveland

Warren G. Harding

Grover Cleveland

John Quincy Adams

Zachary Taylor

Woodrow Wilson

Barack Obama

Dwight D. Eisenhower

Calvin Coolidge

Theodore Roosevelt

William Henry Harrison

Lyndon B. Johnson

Andrew Jackson

Ronald Reagan

John Quincy Adams

Theodore Roosevelt

George H. W. Bush

Andrew Jackson

Ronald Reagan

Chester A. Arthur

Ronald Reagan

Dwight D. Eisenhower

James K. Polk

John F. Kennedy

Millard Fillmore

Ronald Reagan

John F. Kennedy

William Howard Taft

Chester A. Arthur

Gerald R. Ford

Thomas Jefferson

James K. Polk

Grover Cleveland

Calvin Coolidge

Abraham Lincoln

Lyndon B. Johnson

John F. Kennedy

James Buchanan

John F. Kennedy

James Madison

James Carter

Grover Cleveland

Millard Fillmore

John Adams

Zachary Taylor

Rutherford B. Hayes

Barack Obama

Millard Fillmore

William J. Clinton

Franklin Pierce

George Washington

Franklin D. Roosevelt

James K. Polk

Zachary Taylor

Franklin Pierce

William J. Clinton

Rutherford B. Hayes

Benjamin Harrison

James Madison

Dwight D. Eisenhower

Millard Fillmore

Grover Cleveland

George W. Bush

Andrew Johnson

Gerald R. Ford

John Quincy Adams

Andrew Johnson

William J. Clinton

George W. Bush

Gerald R. Ford

William Henry Harrison

Woodrow Wilson

Andrew Johnson

Barack Obama

Andrew Johnson

James Monroe

Theodore Roosevelt

George W. Bush

Chester A. Arthur

James Carter

Martin Van Buren

William J. Clinton

Barack Obama

William J. Clinton

Abraham Lincoln

Warren G. Harding

James Buchanan

Herbert Hoover

William J. Clinton

William Howard Taft

James K. Polk

George Washington

Gerald R. Ford

Abraham Lincoln

William Howard Taft

Dwight D. Eisenhower

Zachary Taylor

Abraham Lincoln

George H. W. Bush

John F. Kennedy

James Garfield

George H. W. Bush

Gerald R. Ford

William J. Clinton

James Madison

Lyndon B. Johnson

William McKinley

Rutherford B. Hayes

James Buchanan

Martin Van Buren

William Howard Taft

Dwight D. Eisenhower

James Carter

John Quincy Adams

Grover Cleveland

William McKinley

George H. W. Bush

James Carter

William J. Clinton

John Quincy Adams

Franklin Pierce

Dwight D. Eisenhower

James K. Polk

Dwight D. Eisenhower

William Howard Taft

Abraham Lincoln

Harry S. Truman

William Henry Harrison

Abraham Lincoln

Grover Cleveland

Franklin Pierce

Andrew Johnson

Herbert Hoover

John Adams

Woodrow Wilson

John Adams

Dwight D. Eisenhower

Barack Obama

John Tyler

Grover Cleveland

John F. Kennedy

Dwight D. Eisenhower

Ulysses S. Grant

Zachary Taylor

Franklin Pierce

Gerald R. Ford

Abraham Lincoln

Chester A. Arthur

Ronald Reagan

Lyndon B. Johnson

Benjamin Harrison

Richard M. Nixon

Herbert Hoover

James Monroe

James Madison

George H. W. Bush

Ulysses S. Grant

Gerald R. Ford

Warren G. Harding

Zachary Taylor

George W. Bush

Warren G. Harding

Franklin D. Roosevelt

Harry S. Truman

Ronald Reagan

Abraham Lincoln

Dwight D. Eisenhower

James Buchanan

William Henry Harrison

John Tyler

Andrew Jackson

Millard Fillmore

Ronald Reagan

Martin Van Buren

James Garfield

George H. W. Bush

James K. Polk

Woodrow Wilson

Ulysses S. Grant

Rutherford B. Hayes

Lyndon B. Johnson

Zachary Taylor

Thomas Jefferson

Andrew Johnson

Benjamin Harrison

George Washington

Ronald Reagan

Theodore Roosevelt

John F. Kennedy

Abraham Lincoln

Andrew Johnson

James K. Polk

Calvin Coolidge

John Tyler

Dwight D. Eisenhower

George W. Bush

Franklin D. Roosevelt

John F. Kennedy

Abraham Lincoln

Theodore Roosevelt

Ulysses S. Grant

James Monroe

Woodrow Wilson

Warren G. Harding

James Buchanan

James Madison

Millard Fillmore

Woodrow Wilson

Herbert Hoover

Franklin D. Roosevelt

Martin Van Buren

Ulysses S. Grant

Dwight D. Eisenhower

Zachary Taylor

Rutherford B. Hayes

James Monroe

John Quincy Adams

Theodore Roosevelt

Herbert Hoover

James Monroe

Millard Fillmore

Theodore Roosevelt

Zachary Taylor

Andrew Johnson

Herbert Hoover

Franklin D. Roosevelt

Lyndon B. Johnson

James Madison

William Henry Harrison

William Henry Harrison

Zachary Taylor

Calvin Coolidge

Ulysses S. Grant

William McKinley

Rutherford B. Hayes

James Monroe

Zachary Taylor

George W. Bush

Martin Van Buren

Zachary Taylor

George H. W. Bush

Barack Obama

Benjamin Harrison

William J. Clinton

John F. Kennedy

William McKinley

William McKinley

William J. Clinton

Richard M. Nixon

John Adams

Andrew Jackson

Calvin Coolidge

James Garfield

Martin Van Buren

Ulysses S. Grant

Ulysses S. Grant

Chester A. Arthur

Franklin D. Roosevelt

John F. Kennedy

Rutherford B. Hayes

Chester A. Arthur

Grover Cleveland

Theodore Roosevelt

Franklin D. Roosevelt

Richard M. Nixon

James Madison

George H. W. Bush

Andrew Johnson

William Howard Taft

Franklin D. Roosevelt

Benjamin Harrison

John Tyler

Gerald R. Ford

Ronald Reagan

Richard M. Nixon

John Quincy Adams

Lyndon B. Johnson

James Garfield

Benjamin Harrison

John F. Kennedy

Martin Van Buren

Gerald R. Ford

Franklin D. Roosevelt

Theodore Roosevelt

William J. Clinton

Andrew Jackson

James Buchanan

Andrew Johnson

Theodore Roosevelt

James Buchanan

Woodrow Wilson

John Adams

William McKinley

John Tyler

Lyndon B. Johnson

Harry S. Truman

William McKinley

Grover Cleveland

Rutherford B. Hayes

George H. W. Bush

Andrew Johnson

Woodrow Wilson

James Buchanan

Thomas Jefferson

Barack Obama

Gerald R. Ford

Millard Fillmore

Lyndon B. Johnson

Zachary Taylor

Theodore Roosevelt

James K. Polk

Calvin Coolidge

George W. Bush

Woodrow Wilson

John Quincy Adams

William McKinley

Rutherford B. Hayes

Franklin Pierce

John F. Kennedy

Rutherford B. Hayes

Chester A. Arthur

Franklin D. Roosevelt

Gerald R. Ford

William J. Clinton

Herbert Hoover
Chester A. Arthur
John Quincy Adams

George Washington

Thomas Jefferson

Herbert Hoover

William Henry Harrison

George W. Bush

Harry S. Truman

John Quincy Adams

William McKinley

Rutherford B. Hayes

William Henry Harrison

George H. W. Bush

James Monroe

James Monroe

Ulysses S. Grant

Grover Cleveland

Andrew Jackson

Andrew Johnson

Ronald Reagan

James K. Polk

Barack Obama

John Adams

Zachary Taylor

James Buchanan

Richard M. Nixon

James Carter

Lyndon B. Johnson

William Henry Harrison

Martin Van Buren

Lyndon B. Johnson

Grover Cleveland

John F. Kennedy

Calvin Coolidge

John Tyler

William J. Clinton

Franklin D. Roosevelt

Millard Fillmore

William Howard Taft

James Carter

Calvin Coolidge

Theodore Roosevelt

Gerald R. Ford

James Carter

James Madison

William Henry Harrison

George Washington

Thomas Jefferson

William J. Clinton

Grover Cleveland

Franklin Pierce

James Monroe

Woodrow Wilson

Benjamin Harrison

Franklin Pierce

Chester A. Arthur

Thomas Jefferson

George Washington

James Buchanan

James Garfield

James Garfield

Abraham Lincoln

James Garfield

Chester A. Arthur

Thomas Jefferson

Andrew Jackson

Zachary Taylor

Zachary Taylor

Rutherford B. Hayes

Benjamin Harrison

Benjamin Harrison

Zachary Taylor

Zachary Taylor

William Henry Harrison

Calvin Coolidge

James Garfield

Gerald R. Ford

Grover Cleveland

Andrew Jackson

George Washington

William J. Clinton

Rutherford B. Hayes

John F. Kennedy

Franklin Pierce

Gerald R. Ford

John Adams

James Madison

Millard Fillmore

James Garfield

Martin Van Buren

Barack Obama

Benjamin Harrison

Warren G. Harding

Franklin D. Roosevelt

Martin Van Buren

Grover Cleveland

Warren G. Harding

Ronald Reagan

Ulysses S. Grant

Andrew Jackson

Herbert Hoover

Gerald R. Ford

Zachary Taylor
Herbert Hoover
William Henry Harrison

Ronald Reagan

James Monroe

George Washington

Martin Van Buren

Millard Fillmore

Lyndon B. Johnson

George Washington

Name 1
Name 2

1111111111111111111111111111111111111111111111111111111111111111111111111111111
2222222222222222222222222222222222222222222222222222222222222222222222222222222

Name 1

Name 1

John Doe

A
B
C

A
B
C

A

L

Matt Stanley

Jack Sparrow
Jim MacDonald

Bill Powers
Crazy Amir
Two Dollars

Matt Stanley
