==2676== Memcheck, a memory error detector
==2676== Copyright (C) 2002-2011, and GNU GPL'd, by Julian Seward et al.
==2676== Using Valgrind-3.7.0 and LibVEX; rerun with -h for copyright info
==2676== Command: UVaVoting.c++.app
==2676== 
Tricky Solo

Trickier Solo

Mia Mamma
Your Momma

Han Solo

Ima Nguyen

Allah Duiz Nugyen
Avatar Aang
Tim.

Pyramid Head
==2676== 
==2676== HEAP SUMMARY:
==2676==     in use at exit: 122,880 bytes in 6 blocks
==2676==   total heap usage: 40,271 allocs, 40,265 frees, 2,724,921 bytes allocated
==2676== 
==2676== LEAK SUMMARY:
==2676==    definitely lost: 0 bytes in 0 blocks
==2676==    indirectly lost: 0 bytes in 0 blocks
==2676==      possibly lost: 0 bytes in 0 blocks
==2676==    still reachable: 122,880 bytes in 6 blocks
==2676==         suppressed: 0 bytes in 0 blocks
==2676== Rerun with --leak-check=full to see details of leaked memory
==2676== 
==2676== For counts of detected and suppressed errors, rerun with: -v
==2676== ERROR SUMMARY: 0 errors from 0 contexts (suppressed: 17 from 6)
