==76040== Memcheck, a memory error detector
==76040== Copyright (C) 2002-2011, and GNU GPL'd, by Julian Seward et al.
==76040== Using Valgrind-3.7.0 and LibVEX; rerun with -h for copyright info
==76040== Command: ./UVaVoting.c++.app
==76040== 
--76040-- ./UVaVoting.c++.app:
--76040-- dSYM directory is missing; consider using --dsymutil=yes
Trey

John Doe

Luke

one

E
==76040== 
==76040== HEAP SUMMARY:
==76040==     in use at exit: 17,344 bytes in 38 blocks
==76040==   total heap usage: 39,730 allocs, 39,692 frees, 1,863,822 bytes allocated
==76040== 
==76040== LEAK SUMMARY:
==76040==    definitely lost: 0 bytes in 0 blocks
==76040==    indirectly lost: 0 bytes in 0 blocks
==76040==      possibly lost: 0 bytes in 0 blocks
==76040==    still reachable: 17,344 bytes in 38 blocks
==76040==         suppressed: 0 bytes in 0 blocks
==76040== Rerun with --leak-check=full to see details of leaked memory
==76040== 
==76040== For counts of detected and suppressed errors, rerun with: -v
==76040== ERROR SUMMARY: 0 errors from 0 contexts (suppressed: 1 from 1)
