==25684== Memcheck, a memory error detector
==25684== Copyright (C) 2002-2011, and GNU GPL'd, by Julian Seward et al.
==25684== Using Valgrind-3.7.0 and LibVEX; rerun with -h for copyright info
==25684== Command: ./RV
==25684== 
a

f

j

i

g

h

e
i

e
i

a

b
==25684== 
==25684== HEAP SUMMARY:
==25684==     in use at exit: 122,880 bytes in 6 blocks
==25684==   total heap usage: 65,587 allocs, 65,581 frees, 977,644 bytes allocated
==25684== 
==25684== LEAK SUMMARY:
==25684==    definitely lost: 0 bytes in 0 blocks
==25684==    indirectly lost: 0 bytes in 0 blocks
==25684==      possibly lost: 0 bytes in 0 blocks
==25684==    still reachable: 122,880 bytes in 6 blocks
==25684==         suppressed: 0 bytes in 0 blocks
==25684== Rerun with --leak-check=full to see details of leaked memory
==25684== 
==25684== For counts of detected and suppressed errors, rerun with: -v
==25684== ERROR SUMMARY: 0 errors from 0 contexts (suppressed: 17 from 6)
