==9476== Memcheck, a memory error detector
==9476== Copyright (C) 2002-2011, and GNU GPL'd, by Julian Seward et al.
==9476== Using Valgrind-3.7.0 and LibVEX; rerun with -h for copyright info
==9476== Command: RunVoting.c++.app
==9476== 
C

T

E

Z

H

P

A

Y

P

N

B

U

P

C

A

E

L

C

U

F

H

T

F

B

U

W

Q

A

J

O

L

P

K

K

T

E

D

A

I

I

R

W

B

U

P

U

K

G

N

K

L

W

O

N

C

E

T

I

C

J

Y

M

P

Q

D

C

I

Z

U

H

B

X

H

Z
B

R

C

P

S

J

E

Y

Z

B

P

K

G

F

B

C

K

M

P

D

W

D

Y

N

N

Y

I

L

K

K

G

E

T

M

Z

G

X

Q

N

J

F
E

X

V

X

S

W

P

J

Z

I

J

K

I

O

Q

M

A

R

H

A

T

F

X

V

D

J

G

R

P

S

V

J

U

N

A

N

F

D

V
S

V

L

X

F

G

S

W

C

Q

E

D

B

I

Q

T

D

P

A

E

J

W

D

F

P

L

L

O

M

T

J

F

C

I

D

K
H

M
U

S

K

T

Q

X

O

B

D

Z

Z

A
I

K

I

E

O

W

B

C

F

D

L

Z

S

I

Z

F
B

N

M

F

A
T

L

B

B

Y

E

V

D

D

O

C

S

X
D

F

T

Q

N
C

V

U

R

A

Y

U

G

G

X

Q

T

Y

R

F

Z

U

H

L

O

I

Y

F

P

Z

N

N

U

V

T

R

T

O

T

I

S

W

H

T

K

Z

P

J

Z

V
O
Q

A

Y

W

F

Z
J

J

Z
L

R

H

Y
L

P

M

D

H

A

N

N

J

G

W

S

T

T

W

R

F

M

M

X

Q

P

C

A

B

L

B

X

K

O

T

K

O

T

R

A

B

W

Y

I
H

X

H

R

V

I

J

M

W

L

G

T

D

J

H

B

K

Y

S

G

J

W
X

A

G

H

E

I

J

A

D

R
Y

N

G

X

L

I

N

I

V

T

M

J

H

F

S

O

H

G

P

P

W

J

U

O

U

R

M

W

L

B

I

L

L
G

P

E

V

H

V

X

F

N

G

T

I

Z

A

I

M

T

X

O

Y

J

J

Q

H

K

L

J

R

T

Z

N

F

O

Z

K

I

L

D

T

X

H

G

Z

Z

T

M

M

T

I

U

J

Y

Y

Y

E

R

O

D

C

M

S

F

X

T

H

L

K

W

Q

D

R

G

M

S

D

Y

U

J

W

B

P

J

T

H

F

K

M

F

R

M

J

G

F

T

Z

A

Y

N

F

T

M

X

V

X

Q

W

D

N

Z

K

M

Q

Z

C

B

G

K

T

X

L

B

T

S

J

H

L

E

U

H

O

D

V

Y

A

Y

J

N

J

S

I

E

M
Z

R

M

R

Z

M

C

K

E

G

S

A

K

P

E

J

D

F

P

U

L

F

F

E

V

Y

Y

S

G

N

A

Q

N

T

H

W

U

T

T

H

A

E

T

B

W

U

Z

J

K

U

L
W

V

Q

I

O

S

F

T

R

A

M

V

X

N

N

L

S

W

A

Z

G

W

O

V

J
T

H

A

O

B

I

Z

H

K

V

A

Z

V

X

E

K

Y

X

P

O

T

M

T

G

V

K

V

P

Z

O

W
Z

B

D

D
B

F

E

T

Y

A

S

Y

Y

T

Z

D

L

L
X

T

B

Z

K

S

P

Z

Q

B

W

K

U

E

Q

R

E

O

I
X

B

S

U

U

J

L

A

K

F

W

F

S

X

U

X

W

P

J

H

R

X

T

K

Q

A

F

F
J
D

G

M

I

E

C

B

F

L

K

E

N

X

P

F

Z

Y

V

C

I

Y

R

B

F

Z

J

I

O

S

X

Q

B

I

Y

O

N

X

Y

F

D

E

P

V

W

K

S

V

L

J

W

L

N

W

W

U

I

A

H

J

U

Y

J

P

E

T
A

P

M
C

R

V

R

M

Z

A

L

S

J

U

O

S

K

A

E

U
B
M

M

V

J

E

B

D

L

N

M

H

I

B

V

X

P

M

W

N

L

P

L

W

X

I

U

E

R

K

F

F

S

K

Q

Y

A

G

J

T

R

L

K

Q

F

Q

U

Z

Y

J

P

C

S

T

F

R

C

G

R

Z

I

Z

O

T

Z

V

J

E

F

X

J

N

V

H

R

R

W

Y

V

D

Q

D

T

X

S

K

X

T

P

R

N

Z

H

F

Y

P

Y

S

Y

U

H

L

X

A

N

J

M
H

X

H

L

L

A

R

M

E

Z

A

O

D

V

I

O

C

M

Z

C

Q

L

E

F

S

Z

O

F

A

Y

I

H

K

D

T

E

L

O

A

M

P

N

D

D

Z

X

G

W

F

O

P

Y

E

R

M

E

Z

D

U

B

R

A

S

K

A

L

L

F

T
R

G

I

S

N

N

J

X

O

A

S

U

X

G

R

R

J
G

U

M

T

F

U

A

H

A

N

P

D

K

W

T

U

J

W

V

D

V

Z

G

C

Z

Y

I

D

Y

N

P

B

C

R

S
==9476== 
==9476== HEAP SUMMARY:
==9476==     in use at exit: 122,880 bytes in 6 blocks
==9476==   total heap usage: 11,408,378 allocs, 11,408,372 frees, 3,385,338,311 bytes allocated
==9476== 
==9476== LEAK SUMMARY:
==9476==    definitely lost: 0 bytes in 0 blocks
==9476==    indirectly lost: 0 bytes in 0 blocks
==9476==      possibly lost: 0 bytes in 0 blocks
==9476==    still reachable: 122,880 bytes in 6 blocks
==9476==         suppressed: 0 bytes in 0 blocks
==9476== Rerun with --leak-check=full to see details of leaked memory
==9476== 
==9476== For counts of detected and suppressed errors, rerun with: -v
==9476== ERROR SUMMARY: 0 errors from 0 contexts (suppressed: 4 from 4)
