==11776== Memcheck, a memory error detector
==11776== Copyright (C) 2002-2011, and GNU GPL'd, by Julian Seward et al.
==11776== Using Valgrind-3.7.0 and LibVEX; rerun with -h for copyright info
==11776== Command: RunVoting.c++.app
==11776== 
Leonard Cohen

Zach

Maxwell Hauser

Monique

Monique

Bobby

Leonard Cohen

Laura

Jon

Ricky

Maxwell Hauser
Anissa
Tommy Lee Jones
Bill Murray

Jon
Lane
Monique
Axl Rose

Muhammed Ali

Anissa

Lane

Carlton Banks

Bill Murray

Bill Murray

Bobby
Bill Murray
Aaron
==11776== 
==11776== HEAP SUMMARY:
==11776==     in use at exit: 122,880 bytes in 6 blocks
==11776==   total heap usage: 26,600 allocs, 26,594 frees, 831,157 bytes allocated
==11776== 
==11776== LEAK SUMMARY:
==11776==    definitely lost: 0 bytes in 0 blocks
==11776==    indirectly lost: 0 bytes in 0 blocks
==11776==      possibly lost: 0 bytes in 0 blocks
==11776==    still reachable: 122,880 bytes in 6 blocks
==11776==         suppressed: 0 bytes in 0 blocks
==11776== Rerun with --leak-check=full to see details of leaked memory
==11776== 
==11776== For counts of detected and suppressed errors, rerun with: -v
==11776== ERROR SUMMARY: 0 errors from 0 contexts (suppressed: 4 from 4)
